
> api@0.0.1 start
> nest start

[32m[Nest] 24136  - [39m06/13/2026, 7:27:10 PM [32m    LOG[39m [38;5;3m[NestFactory] [39m[32mStarting Nest application...[39m
[32m[Nest] 24136  - [39m06/13/2026, 7:27:10 PM [32m    LOG[39m [38;5;3m[InstanceLoader] [39m[32mTypeOrmModule dependencies initialized[39m[38;5;3m +74ms[39m
[32m[Nest] 24136  - [39m06/13/2026, 7:27:10 PM [32m    LOG[39m [38;5;3m[InstanceLoader] [39m[32mConfigHostModule dependencies initialized[39m[38;5;3m +1ms[39m
[32m[Nest] 24136  - [39m06/13/2026, 7:27:10 PM [32m    LOG[39m [38;5;3m[InstanceLoader] [39m[32mConfigModule dependencies initialized[39m[38;5;3m +2ms[39m
[32m[Nest] 24136  - [39m06/13/2026, 7:27:10 PM [32m    LOG[39m [38;5;3m[InstanceLoader] [39m[32mTypeOrmCoreModule dependencies initialized[39m[38;5;3m +43ms[39m
[32m[Nest] 24136  - [39m06/13/2026, 7:27:10 PM [32m    LOG[39m [38;5;3m[InstanceLoader] [39m[32mTypeOrmModule dependencies initialized[39m[38;5;3m +1ms[39m
[32m[Nest] 24136  - [39m06/13/2026, 7:27:10 PM [32m    LOG[39m [38;5;3m[InstanceLoader] [39m[32mTypeOrmModule dependencies initialized[39m[38;5;3m +0ms[39m
[32m[Nest] 24136  - [39m06/13/2026, 7:27:10 PM [32m    LOG[39m [38;5;3m[InstanceLoader] [39m[32mDictionaryModule dependencies initialized[39m[38;5;3m +1ms[39m
[32m[Nest] 24136  - [39m06/13/2026, 7:27:10 PM [32m    LOG[39m [38;5;3m[InstanceLoader] [39m[32mAppModule dependencies initialized[39m[38;5;3m +1ms[39m
[32m[Nest] 24136  - [39m06/13/2026, 7:27:10 PM [32m    LOG[39m [38;5;3m[RoutesResolver] [39m[32mAppController {/}:[39m[38;5;3m +4ms[39m
[32m[Nest] 24136  - [39m06/13/2026, 7:27:10 PM [32m    LOG[39m [38;5;3m[RouterExplorer] [39m[32mMapped {/, GET} route[39m[38;5;3m +2ms[39m
[32m[Nest] 24136  - [39m06/13/2026, 7:27:10 PM [32m    LOG[39m [38;5;3m[RouterExplorer] [39m[32mMapped {/health, GET} route[39m[38;5;3m +1ms[39m
[32m[Nest] 24136  - [39m06/13/2026, 7:27:10 PM [32m    LOG[39m [38;5;3m[RouterExplorer] [39m[32mMapped {/profile, GET} route[39m[38;5;3m +1ms[39m
[32m[Nest] 24136  - [39m06/13/2026, 7:27:10 PM [32m    LOG[39m [38;5;3m[RouterExplorer] [39m[32mMapped {/profile/goal, POST} route[39m[38;5;3m +1ms[39m
[32m[Nest] 24136  - [39m06/13/2026, 7:27:10 PM [32m    LOG[39m [38;5;3m[RouterExplorer] [39m[32mMapped {/ai/chat, POST} route[39m[38;5;3m +1ms[39m
[32m[Nest] 24136  - [39m06/13/2026, 7:27:10 PM [32m    LOG[39m [38;5;3m[RouterExplorer] [39m[32mMapped {/flashcard/image-suggestion, GET} route[39m[38;5;3m +0ms[39m
[32m[Nest] 24136  - [39m06/13/2026, 7:27:10 PM [32m    LOG[39m [38;5;3m[RoutesResolver] [39m[32mGrammarController {/grammar}:[39m[38;5;3m +0ms[39m
[32m[Nest] 24136  - [39m06/13/2026, 7:27:10 PM [32m    LOG[39m [38;5;3m[RouterExplorer] [39m[32mMapped {/grammar, GET} route[39m[38;5;3m +1ms[39m
[32m[Nest] 24136  - [39m06/13/2026, 7:27:10 PM [32m    LOG[39m [38;5;3m[RouterExplorer] [39m[32mMapped {/grammar/level/:level, GET} route[39m[38;5;3m +1ms[39m
[32m[Nest] 24136  - [39m06/13/2026, 7:27:10 PM [32m    LOG[39m [38;5;3m[RoutesResolver] [39m[32mGrammarCheckController {/grammar}:[39m[38;5;3m +1ms[39m
[32m[Nest] 24136  - [39m06/13/2026, 7:27:10 PM [32m    LOG[39m [38;5;3m[RouterExplorer] [39m[32mMapped {/grammar/check, POST} route[39m[38;5;3m +1ms[39m
[32m[Nest] 24136  - [39m06/13/2026, 7:27:10 PM [32m    LOG[39m [38;5;3m[RoutesResolver] [39m[32mReadingController {/reading}:[39m[38;5;3m +0ms[39m
[32m[Nest] 24136  - [39m06/13/2026, 7:27:10 PM [32m    LOG[39m [38;5;3m[RouterExplorer] [39m[32mMapped {/reading/sources, GET} route[39m[38;5;3m +1ms[39m
[32m[Nest] 24136  - [39m06/13/2026, 7:27:10 PM [32m    LOG[39m [38;5;3m[RouterExplorer] [39m[32mMapped {/reading/news, GET} route[39m[38;5;3m +1ms[39m
[32m[Nest] 24136  - [39m06/13/2026, 7:27:10 PM [32m    LOG[39m [38;5;3m[RouterExplorer] [39m[32mMapped {/reading/article, GET} route[39m[38;5;3m +0ms[39m
[32m[Nest] 24136  - [39m06/13/2026, 7:27:10 PM [32m    LOG[39m [38;5;3m[RoutesResolver] [39m[32mAuthController {/}:[39m[38;5;3m +1ms[39m
[32m[Nest] 24136  - [39m06/13/2026, 7:27:10 PM [32m    LOG[39m [38;5;3m[RouterExplorer] [39m[32mMapped {/auth/register, POST} route[39m[38;5;3m +1ms[39m
[32m[Nest] 24136  - [39m06/13/2026, 7:27:10 PM [32m    LOG[39m [38;5;3m[RouterExplorer] [39m[32mMapped {/auth/login, POST} route[39m[38;5;3m +0ms[39m
[32m[Nest] 24136  - [39m06/13/2026, 7:27:10 PM [32m    LOG[39m [38;5;3m[RouterExplorer] [39m[32mMapped {/auth/me, GET} route[39m[38;5;3m +1ms[39m
[32m[Nest] 24136  - [39m06/13/2026, 7:27:10 PM [32m    LOG[39m [38;5;3m[RouterExplorer] [39m[32mMapped {/admin/users/stats, GET} route[39m[38;5;3m +0ms[39m
[32m[Nest] 24136  - [39m06/13/2026, 7:27:10 PM [32m    LOG[39m [38;5;3m[RouterExplorer] [39m[32mMapped {/admin/dashboard, GET} route[39m[38;5;3m +1ms[39m
[32m[Nest] 24136  - [39m06/13/2026, 7:27:10 PM [32m    LOG[39m [38;5;3m[RouterExplorer] [39m[32mMapped {/admin/users, GET} route[39m[38;5;3m +0ms[39m
[32m[Nest] 24136  - [39m06/13/2026, 7:27:10 PM [32m    LOG[39m [38;5;3m[RouterExplorer] [39m[32mMapped {/admin/users/:id, GET} route[39m[38;5;3m +1ms[39m
[32m[Nest] 24136  - [39m06/13/2026, 7:27:10 PM [32m    LOG[39m [38;5;3m[RouterExplorer] [39m[32mMapped {/admin/users, POST} route[39m[38;5;3m +1ms[39m
[32m[Nest] 24136  - [39m06/13/2026, 7:27:10 PM [32m    LOG[39m [38;5;3m[RouterExplorer] [39m[32mMapped {/admin/users/:id, PATCH} route[39m[38;5;3m +1ms[39m
[32m[Nest] 24136  - [39m06/13/2026, 7:27:10 PM [32m    LOG[39m [38;5;3m[RouterExplorer] [39m[32mMapped {/admin/users/:id/status, PATCH} route[39m[38;5;3m +1ms[39m
[32m[Nest] 24136  - [39m06/13/2026, 7:27:10 PM [32m    LOG[39m [38;5;3m[RoutesResolver] [39m[32mContentController {/}:[39m[38;5;3m +0ms[39m
[32m[Nest] 24136  - [39m06/13/2026, 7:27:10 PM [32m    LOG[39m [38;5;3m[RouterExplorer] [39m[32mMapped {/content/catalog, GET} route[39m[38;5;3m +1ms[39m
[32m[Nest] 24136  - [39m06/13/2026, 7:27:10 PM [32m    LOG[39m [38;5;3m[RouterExplorer] [39m[32mMapped {/content/flashcards, GET} route[39m[38;5;3m +0ms[39m
[32m[Nest] 24136  - [39m06/13/2026, 7:27:10 PM [32m    LOG[39m [38;5;3m[RouterExplorer] [39m[32mMapped {/content/videos, GET} route[39m[38;5;3m +1ms[39m
[32m[Nest] 24136  - [39m06/13/2026, 7:27:10 PM [32m    LOG[39m [38;5;3m[RouterExplorer] [39m[32mMapped {/content/grammar, GET} route[39m[38;5;3m +0ms[39m
[32m[Nest] 24136  - [39m06/13/2026, 7:27:10 PM [32m    LOG[39m [38;5;3m[RouterExplorer] [39m[32mMapped {/content/articles, GET} route[39m[38;5;3m +0ms[39m
[32m[Nest] 24136  - [39m06/13/2026, 7:27:10 PM [32m    LOG[39m [38;5;3m[RouterExplorer] [39m[32mMapped {/content/pronunciation, GET} route[39m[38;5;3m +1ms[39m
[32m[Nest] 24136  - [39m06/13/2026, 7:27:10 PM [32m    LOG[39m [38;5;3m[RouterExplorer] [39m[32mMapped {/content/games, GET} route[39m[38;5;3m +0ms[39m
[32m[Nest] 24136  - [39m06/13/2026, 7:27:10 PM [32m    LOG[39m [38;5;3m[RouterExplorer] [39m[32mMapped {/admin/content, GET} route[39m[38;5;3m +1ms[39m
[32m[Nest] 24136  - [39m06/13/2026, 7:27:10 PM [32m    LOG[39m [38;5;3m[RouterExplorer] [39m[32mMapped {/admin/audit-logs, GET} route[39m[38;5;3m +0ms[39m
[32m[Nest] 24136  - [39m06/13/2026, 7:27:10 PM [32m    LOG[39m [38;5;3m[RouterExplorer] [39m[32mMapped {/admin/content, PUT} route[39m[38;5;3m +1ms[39m
[32m[Nest] 24136  - [39m06/13/2026, 7:27:10 PM [32m    LOG[39m [38;5;3m[RoutesResolver] [39m[32mLearningController {/learning}:[39m[38;5;3m +0ms[39m
[32m[Nest] 24136  - [39m06/13/2026, 7:27:10 PM [32m    LOG[39m [38;5;3m[RouterExplorer] [39m[32mMapped {/learning/summary, GET} route[39m[38;5;3m +1ms[39m
[32m[Nest] 24136  - [39m06/13/2026, 7:27:10 PM [32m    LOG[39m [38;5;3m[RouterExplorer] [39m[32mMapped {/learning/goal, PUT} route[39m[38;5;3m +0ms[39m
[32m[Nest] 24136  - [39m06/13/2026, 7:27:10 PM [32m    LOG[39m [38;5;3m[RouterExplorer] [39m[32mMapped {/learning/words/:word, PUT} route[39m[38;5;3m +1ms[39m
[32m[Nest] 24136  - [39m06/13/2026, 7:27:10 PM [32m    LOG[39m [38;5;3m[RouterExplorer] [39m[32mMapped {/learning/attempts, POST} route[39m[38;5;3m +1ms[39m
[32m[Nest] 24136  - [39m06/13/2026, 7:27:10 PM [32m    LOG[39m [38;5;3m[RouterExplorer] [39m[32mMapped {/learning/reading, POST} route[39m[38;5;3m +0ms[39m
[32m[Nest] 24136  - [39m06/13/2026, 7:27:10 PM [32m    LOG[39m [38;5;3m[RouterExplorer] [39m[32mMapped {/learning/study-time, POST} route[39m[38;5;3m +1ms[39m
[32m[Nest] 24136  - [39m06/13/2026, 7:27:10 PM [32m    LOG[39m [38;5;3m[RoutesResolver] [39m[32mDictionaryController {/dictionary}:[39m[38;5;3m +0ms[39m
[32m[Nest] 24136  - [39m06/13/2026, 7:27:10 PM [32m    LOG[39m [38;5;3m[RouterExplorer] [39m[32mMapped {/dictionary/search, GET} route[39m[38;5;3m +1ms[39m
[32m[Nest] 24136  - [39m06/13/2026, 7:27:10 PM [32m    LOG[39m [38;5;3m[RouterExplorer] [39m[32mMapped {/dictionary/autocomplete, GET} route[39m[38;5;3m +0ms[39m
[32m[Nest] 24136  - [39m06/13/2026, 7:27:10 PM [32m    LOG[39m [38;5;3m[RouterExplorer] [39m[32mMapped {/dictionary/detail/:word, GET} route[39m[38;5;3m +1ms[39m
[32m[Nest] 24136  - [39m06/13/2026, 7:27:10 PM [32m    LOG[39m [38;5;3m[RouterExplorer] [39m[32mMapped {/dictionary/cache, POST} route[39m[38;5;3m +1ms[39m
[32m[Nest] 24136  - [39m06/13/2026, 7:27:10 PM [32m    LOG[39m [38;5;3m[RouterExplorer] [39m[32mMapped {/dictionary/examples, GET} route[39m[38;5;3m +0ms[39m
[32m[Nest] 24136  - [39m06/13/2026, 7:27:10 PM [32m    LOG[39m [38;5;3m[RouterExplorer] [39m[32mMapped {/dictionary/translate, GET} route[39m[38;5;3m +0ms[39m
[32m[Nest] 24136  - [39m06/13/2026, 7:27:10 PM [32m    LOG[39m [38;5;3m[RouterExplorer] [39m[32mMapped {/dictionary/examples-curated, GET} route[39m[38;5;3m +1ms[39m
[32m[Nest] 24136  - [39m06/13/2026, 7:27:10 PM [32m    LOG[39m [38;5;3m[RouterExplorer] [39m[32mMapped {/dictionary/examples-local, GET} route[39m[38;5;3m +1ms[39m
[32m[Nest] 24136  - [39m06/13/2026, 7:27:10 PM [32m    LOG[39m [38;5;3m[NestApplication] [39m[32mNest application successfully started[39m[38;5;3m +29ms[39m
[32m[Nest] 24136  - [39m06/13/2026, 7:27:10 PM [32m    LOG[39m [38;5;3m[HttpAction] [39m[32m{"action":"http.request","requestId":"http_mqcbyi65_k99pjb","at":"2026-06-13T12:27:10.594Z","method":"GET","path":"/health","statusCode":200,"durationMs":5}[39m
[32m[Nest] 24136  - [39m06/13/2026, 7:27:27 PM [32m    LOG[39m [38;5;3m[HttpAction] [39m[32m{"action":"http.request","requestId":"http_mqcbyv8t_j8qhon","at":"2026-06-13T12:27:27.535Z","method":"GET","path":"/health","statusCode":200,"durationMs":2}[39m
[32m[Nest] 24136  - [39m06/13/2026, 7:57:14 PM [32m    LOG[39m [38;5;3m[HttpAction] [39m[32m{"action":"http.request","requestId":"http_mqcd15nj_ulc1ei","at":"2026-06-13T12:57:14.077Z","method":"POST","path":"/auth/login","statusCode":201,"durationMs":126}[39m
[32m[Nest] 24136  - [39m06/13/2026, 7:57:14 PM [32m    LOG[39m [38;5;3m[HttpAction] [39m[32m{"action":"http.request","requestId":"http_mqcd15rd_75i0h1","at":"2026-06-13T12:57:14.381Z","method":"GET","path":"/admin/dashboard","statusCode":200,"durationMs":292}[39m
[32m[Nest] 24136  - [39m06/13/2026, 7:57:14 PM [32m    LOG[39m [38;5;3m[HttpAction] [39m[32m{"action":"http.request","requestId":"http_mqcd15zu_3sy7kl","at":"2026-06-13T12:57:14.493Z","method":"GET","path":"/admin/content","statusCode":200,"durationMs":99}[39m
[32m[Nest] 24136  - [39m06/13/2026, 7:57:14 PM [32m    LOG[39m [38;5;3m[HttpAction] [39m[32m{"action":"http.request","requestId":"http_mqcd1682_e4gtp9","at":"2026-06-13T12:57:14.720Z","method":"GET","path":"/admin/users","statusCode":200,"durationMs":30}[39m
[32m[Nest] 24136  - [39m06/13/2026, 7:57:14 PM [32m    LOG[39m [38;5;3m[HttpAction] [39m[32m{"action":"http.request","requestId":"http_mqcd1691_pygh2u","at":"2026-06-13T12:57:14.736Z","method":"GET","path":"/admin/audit-logs?limit=5","statusCode":200,"durationMs":11}[39m
[32m[Nest] 24136  - [39m06/13/2026, 7:57:14 PM [32m    LOG[39m [38;5;3m[HttpAction] [39m[32m{"action":"http.request","requestId":"http_mqcd169e_jgk3w6","at":"2026-06-13T12:57:14.803Z","method":"GET","path":"/content/catalog","statusCode":200,"durationMs":65}[39m
[32m[Nest] 24136  - [39m06/13/2026, 7:57:18 PM [32m    LOG[39m [38;5;3m[HttpAction] [39m[32m{"action":"http.request","requestId":"http_mqcd16h0_g7r3qm","at":"2026-06-13T12:57:18.535Z","method":"GET","path":"/reading/news","statusCode":200,"durationMs":3523}[39m
[32m[Nest] 24136  - [39m06/13/2026, 7:57:38 PM [32m    LOG[39m [38;5;3m[HttpAction] [39m[32m{"action":"http.request","requestId":"http_mqcd1ocw_2fgj81","at":"2026-06-13T12:57:38.194Z","method":"OPTIONS","path":"/auth/login","statusCode":204,"durationMs":2}[39m
[32m[Nest] 24136  - [39m06/13/2026, 7:57:38 PM [32m    LOG[39m [38;5;3m[HttpAction] [39m[32m{"action":"http.request","requestId":"http_mqcd1od1_ykvb6h","at":"2026-06-13T12:57:38.380Z","method":"POST","path":"/auth/login","statusCode":201,"durationMs":183}[39m
[32m[Nest] 24136  - [39m06/13/2026, 7:57:38 PM [32m    LOG[39m [38;5;3m[HttpAction] [39m[32m{"action":"http.request","requestId":"http_mqcd1oia_vf1pj4","at":"2026-06-13T12:57:38.386Z","method":"OPTIONS","path":"/admin/dashboard","statusCode":204,"durationMs":1}[39m
[32m[Nest] 24136  - [39m06/13/2026, 7:57:38 PM [32m    LOG[39m [38;5;3m[HttpAction] [39m[32m{"action":"http.request","requestId":"http_mqcd1oif_qelam8","at":"2026-06-13T12:57:38.391Z","method":"OPTIONS","path":"/admin/content","statusCode":204,"durationMs":0}[39m
[32m[Nest] 24136  - [39m06/13/2026, 7:57:38 PM [32m    LOG[39m [38;5;3m[HttpAction] [39m[32m{"action":"http.request","requestId":"http_mqcd1oih_jx2abo","at":"2026-06-13T12:57:38.394Z","method":"OPTIONS","path":"/admin/users","statusCode":204,"durationMs":1}[39m
[32m[Nest] 24136  - [39m06/13/2026, 7:57:38 PM [32m    LOG[39m [38;5;3m[HttpAction] [39m[32m{"action":"http.request","requestId":"http_mqcd1oin_qyf9sy","at":"2026-06-13T12:57:38.400Z","method":"OPTIONS","path":"/admin/audit-logs?limit=30","statusCode":204,"durationMs":1}[39m
[32m[Nest] 24136  - [39m06/13/2026, 7:57:38 PM [32m    LOG[39m [38;5;3m[HttpAction] [39m[32m{"action":"http.request","requestId":"http_mqcd1oj0_zqxlqg","at":"2026-06-13T12:57:38.444Z","method":"GET","path":"/admin/audit-logs?limit=30","statusCode":200,"durationMs":32}[39m
[32m[Nest] 24136  - [39m06/13/2026, 7:57:38 PM [32m    LOG[39m [38;5;3m[HttpAction] [39m[32m{"action":"http.request","requestId":"http_mqcd1ois_mg1dvd","at":"2026-06-13T12:57:38.521Z","method":"GET","path":"/admin/users","statusCode":200,"durationMs":117}[39m
[32m[Nest] 24136  - [39m06/13/2026, 7:57:38 PM [32m    LOG[39m [38;5;3m[HttpAction] [39m[32m{"action":"http.request","requestId":"http_mqcd1oip_khceiw","at":"2026-06-13T12:57:38.572Z","method":"GET","path":"/admin/content","statusCode":200,"durationMs":171}[39m
[32m[Nest] 24136  - [39m06/13/2026, 7:57:38 PM [32m    LOG[39m [38;5;3m[HttpAction] [39m[32m{"action":"http.request","requestId":"http_mqcd1oid_x0mcsh","at":"2026-06-13T12:57:38.599Z","method":"GET","path":"/admin/dashboard","statusCode":200,"durationMs":210}[39m
[32m[Nest] 24136  - [39m06/13/2026, 7:57:38 PM [32m    LOG[39m [38;5;3m[HttpAction] [39m[32m{"action":"http.request","requestId":"http_mqcd1ope_hzu6l5","at":"2026-06-13T12:57:38.643Z","method":"GET","path":"/health","statusCode":200,"durationMs":1}[39m
[32m[Nest] 24136  - [39m06/13/2026, 7:57:55 PM [32m    LOG[39m [38;5;3m[HttpAction] [39m[32m{"action":"http.request","requestId":"http_mqcd219m_asmifa","at":"2026-06-13T12:57:55.087Z","method":"POST","path":"/auth/login","statusCode":201,"durationMs":165}[39m
[32m[Nest] 24136  - [39m06/13/2026, 7:57:55 PM [32m    LOG[39m [38;5;3m[HttpAction] [39m[32m{"action":"http.request","requestId":"http_mqcd21ei_ukbgck","at":"2026-06-13T12:57:55.253Z","method":"GET","path":"/admin/dashboard","statusCode":200,"durationMs":155}[39m
[32m[Nest] 24136  - [39m06/13/2026, 7:58:58 PM [32m    LOG[39m [38;5;3m[HttpAction] [39m[32m{"action":"http.request","requestId":"http_mqcd3ejo_pkxps8","at":"2026-06-13T12:58:58.788Z","method":"OPTIONS","path":"/auth/login","statusCode":204,"durationMs":0}[39m
[32m[Nest] 24136  - [39m06/13/2026, 7:58:58 PM [32m    LOG[39m [38;5;3m[HttpAction] [39m[32m{"action":"http.request","requestId":"http_mqcd3ekr_eag1zj","at":"2026-06-13T12:58:58.933Z","method":"POST","path":"/auth/login","statusCode":201,"durationMs":106}[39m
[32m[Nest] 24136  - [39m06/13/2026, 7:58:58 PM [32m    LOG[39m [38;5;3m[HttpAction] [39m[32m{"action":"http.request","requestId":"http_mqcd3enu_6dwtgs","at":"2026-06-13T12:58:58.938Z","method":"OPTIONS","path":"/admin/dashboard","statusCode":204,"durationMs":0}[39m
[32m[Nest] 24136  - [39m06/13/2026, 7:58:58 PM [32m    LOG[39m [38;5;3m[HttpAction] [39m[32m{"action":"http.request","requestId":"http_mqcd3enz_euv2xe","at":"2026-06-13T12:58:58.943Z","method":"OPTIONS","path":"/admin/content","statusCode":204,"durationMs":0}[39m
[32m[Nest] 24136  - [39m06/13/2026, 7:58:58 PM [32m    LOG[39m [38;5;3m[HttpAction] [39m[32m{"action":"http.request","requestId":"http_mqcd3eo2_s5fu1x","at":"2026-06-13T12:58:58.947Z","method":"OPTIONS","path":"/admin/users","statusCode":204,"durationMs":1}[39m
[32m[Nest] 24136  - [39m06/13/2026, 7:58:58 PM [32m    LOG[39m [38;5;3m[HttpAction] [39m[32m{"action":"http.request","requestId":"http_mqcd3eo5_nlak8k","at":"2026-06-13T12:58:58.950Z","method":"OPTIONS","path":"/admin/audit-logs?limit=30","statusCode":204,"durationMs":1}[39m
[32m[Nest] 24136  - [39m06/13/2026, 7:58:58 PM [32m    LOG[39m [38;5;3m[HttpAction] [39m[32m{"action":"http.request","requestId":"http_mqcd3eoe_fx2m8u","at":"2026-06-13T12:58:58.982Z","method":"GET","path":"/admin/audit-logs?limit=30","statusCode":200,"durationMs":24}[39m
[32m[Nest] 24136  - [39m06/13/2026, 7:58:59 PM [32m    LOG[39m [38;5;3m[HttpAction] [39m[32m{"action":"http.request","requestId":"http_mqcd3eoc_21q5bk","at":"2026-06-13T12:58:59.100Z","method":"GET","path":"/admin/users","statusCode":200,"durationMs":144}[39m
[32m[Nest] 24136  - [39m06/13/2026, 7:58:59 PM [32m    LOG[39m [38;5;3m[HttpAction] [39m[32m{"action":"http.request","requestId":"http_mqcd3eo4_fdib1e","at":"2026-06-13T12:58:59.110Z","method":"GET","path":"/admin/content","statusCode":200,"durationMs":162}[39m
[32m[Nest] 24136  - [39m06/13/2026, 7:58:59 PM [32m    LOG[39m [38;5;3m[HttpAction] [39m[32m{"action":"http.request","requestId":"http_mqcd3enx_s31m6n","at":"2026-06-13T12:58:59.130Z","method":"GET","path":"/admin/dashboard","statusCode":200,"durationMs":189}[39m
[32m[Nest] 24136  - [39m06/13/2026, 7:58:59 PM [32m    LOG[39m [38;5;3m[HttpAction] [39m[32m{"action":"http.request","requestId":"http_mqcd3eu9_k2dbp3","at":"2026-06-13T12:58:59.170Z","method":"GET","path":"/health","statusCode":200,"durationMs":1}[39m
[32m[Nest] 24136  - [39m06/13/2026, 7:59:25 PM [32m    LOG[39m [38;5;3m[HttpAction] [39m[32m{"action":"http.request","requestId":"http_mqcd3zha_ofir32","at":"2026-06-13T12:59:25.918Z","method":"OPTIONS","path":"/auth/login","statusCode":204,"durationMs":0}[39m
[32m[Nest] 24136  - [39m06/13/2026, 7:59:26 PM [32m    LOG[39m [38;5;3m[HttpAction] [39m[32m{"action":"http.request","requestId":"http_mqcd3zid_ntn0xz","at":"2026-06-13T12:59:26.074Z","method":"POST","path":"/auth/login","statusCode":201,"durationMs":117}[39m
[32m[Nest] 24136  - [39m06/13/2026, 7:59:26 PM [32m    LOG[39m [38;5;3m[HttpAction] [39m[32m{"action":"http.request","requestId":"http_mqcd3zlr_fcdmwr","at":"2026-06-13T12:59:26.080Z","method":"OPTIONS","path":"/admin/dashboard","statusCode":204,"durationMs":1}[39m
[32m[Nest] 24136  - [39m06/13/2026, 7:59:26 PM [32m    LOG[39m [38;5;3m[HttpAction] [39m[32m{"action":"http.request","requestId":"http_mqcd3zlv_ka4mx0","at":"2026-06-13T12:59:26.083Z","method":"OPTIONS","path":"/admin/content","statusCode":204,"durationMs":0}[39m
[32m[Nest] 24136  - [39m06/13/2026, 7:59:26 PM [32m    LOG[39m [38;5;3m[HttpAction] [39m[32m{"action":"http.request","requestId":"http_mqcd3zlw_ylcix6","at":"2026-06-13T12:59:26.085Z","method":"OPTIONS","path":"/admin/users","statusCode":204,"durationMs":1}[39m
[32m[Nest] 24136  - [39m06/13/2026, 7:59:26 PM [32m    LOG[39m [38;5;3m[HttpAction] [39m[32m{"action":"http.request","requestId":"http_mqcd3zm3_ual1vi","at":"2026-06-13T12:59:26.091Z","method":"OPTIONS","path":"/admin/audit-logs?limit=30","statusCode":204,"durationMs":0}[39m
[32m[Nest] 24136  - [39m06/13/2026, 7:59:26 PM [32m    LOG[39m [38;5;3m[HttpAction] [39m[32m{"action":"http.request","requestId":"http_mqcd3zmb_oknz0p","at":"2026-06-13T12:59:26.127Z","method":"GET","path":"/admin/audit-logs?limit=30","statusCode":200,"durationMs":28}[39m
[32m[Nest] 24136  - [39m06/13/2026, 7:59:26 PM [32m    LOG[39m [38;5;3m[HttpAction] [39m[32m{"action":"http.request","requestId":"http_mqcd3zm4_44jxef","at":"2026-06-13T12:59:26.230Z","method":"GET","path":"/admin/users","statusCode":200,"durationMs":138}[39m
[32m[Nest] 24136  - [39m06/13/2026, 7:59:26 PM [32m    LOG[39m [38;5;3m[HttpAction] [39m[32m{"action":"http.request","requestId":"http_mqcd3zm1_jxuwam","at":"2026-06-13T12:59:26.253Z","method":"GET","path":"/admin/content","statusCode":200,"durationMs":164}[39m
[32m[Nest] 24136  - [39m06/13/2026, 7:59:26 PM [32m    LOG[39m [38;5;3m[HttpAction] [39m[32m{"action":"http.request","requestId":"http_mqcd3zlt_o3qjol","at":"2026-06-13T12:59:26.272Z","method":"GET","path":"/admin/dashboard","statusCode":200,"durationMs":191}[39m
[32m[Nest] 24136  - [39m06/13/2026, 7:59:26 PM [32m    LOG[39m [38;5;3m[HttpAction] [39m[32m{"action":"http.request","requestId":"http_mqcd3zsg_7v03z5","at":"2026-06-13T12:59:26.321Z","method":"GET","path":"/health","statusCode":200,"durationMs":1}[39m
[32m[Nest] 24136  - [39m06/13/2026, 7:59:32 PM [32m    LOG[39m [38;5;3m[HttpAction] [39m[32m{"action":"http.request","requestId":"http_mqcd44oc_mgps4m","at":"2026-06-13T12:59:32.653Z","method":"GET","path":"/health","statusCode":200,"durationMs":1}[39m
[32m[Nest] 24136  - [39m06/13/2026, 8:53:10 PM [32m    LOG[39m [38;5;3m[HttpAction] [39m[32m{"action":"http.request","requestId":"http_mqcf13hk_b7ozgz","at":"2026-06-13T13:53:10.377Z","method":"OPTIONS","path":"/auth/login","statusCode":204,"durationMs":1}[39m
[32m[Nest] 24136  - [39m06/13/2026, 8:53:29 PM [32m    LOG[39m [38;5;3m[HttpAction] [39m[32m{"action":"http.request","requestId":"http_mqcf1ijz_vbaqn9","at":"2026-06-13T13:53:29.904Z","method":"OPTIONS","path":"/auth/login","statusCode":204,"durationMs":1}[39m
[32m[Nest] 24136  - [39m06/13/2026, 8:53:30 PM [32m    LOG[39m [38;5;3m[HttpAction] [39m[32m{"action":"http.request","requestId":"http_mqcf1ik3_ls7wak","at":"2026-06-13T13:53:30.150Z","method":"POST","path":"/auth/login","statusCode":201,"durationMs":243}[39m
[32m[Nest] 24136  - [39m06/13/2026, 8:53:30 PM [32m    LOG[39m [38;5;3m[HttpAction] [39m[32m{"action":"http.request","requestId":"http_mqcf1ir2_7c05e1","at":"2026-06-13T13:53:30.159Z","method":"OPTIONS","path":"/admin/dashboard","statusCode":204,"durationMs":1}[39m
[32m[Nest] 24136  - [39m06/13/2026, 8:53:30 PM [32m    LOG[39m [38;5;3m[HttpAction] [39m[32m{"action":"http.request","requestId":"http_mqcf1ir7_cmjxfd","at":"2026-06-13T13:53:30.163Z","method":"OPTIONS","path":"/admin/content","statusCode":204,"durationMs":0}[39m
[32m[Nest] 24136  - [39m06/13/2026, 8:53:30 PM [32m    LOG[39m [38;5;3m[HttpAction] [39m[32m{"action":"http.request","requestId":"http_mqcf1ir9_3l866o","at":"2026-06-13T13:53:30.166Z","method":"OPTIONS","path":"/admin/users","statusCode":204,"durationMs":1}[39m
[32m[Nest] 24136  - [39m06/13/2026, 8:53:30 PM [32m    LOG[39m [38;5;3m[HttpAction] [39m[32m{"action":"http.request","requestId":"http_mqcf1irc_oba40a","at":"2026-06-13T13:53:30.168Z","method":"OPTIONS","path":"/admin/audit-logs?limit=30","statusCode":204,"durationMs":0}[39m
[32m[Nest] 24136  - [39m06/13/2026, 8:53:30 PM [32m    LOG[39m [38;5;3m[HttpAction] [39m[32m{"action":"http.request","requestId":"http_mqcf1irn_0w67zf","at":"2026-06-13T13:53:30.441Z","method":"GET","path":"/admin/audit-logs?limit=30","statusCode":200,"durationMs":262}[39m
[32m[Nest] 24136  - [39m06/13/2026, 8:53:30 PM [32m    LOG[39m [38;5;3m[HttpAction] [39m[32m{"action":"http.request","requestId":"http_mqcf1irm_8er3bm","at":"2026-06-13T13:53:30.497Z","method":"GET","path":"/admin/users","statusCode":200,"durationMs":319}[39m
[32m[Nest] 24136  - [39m06/13/2026, 8:53:30 PM [32m    LOG[39m [38;5;3m[HttpAction] [39m[32m{"action":"http.request","requestId":"http_mqcf1irk_yjdt6d","at":"2026-06-13T13:53:30.951Z","method":"GET","path":"/admin/content","statusCode":200,"durationMs":775}[39m
[32m[Nest] 24136  - [39m06/13/2026, 8:53:30 PM [32m    LOG[39m [38;5;3m[HttpAction] [39m[32m{"action":"http.request","requestId":"http_mqcf1irh_5w91rx","at":"2026-06-13T13:53:30.966Z","method":"GET","path":"/admin/dashboard","statusCode":200,"durationMs":793}[39m
[32m[Nest] 24136  - [39m06/13/2026, 8:53:31 PM [32m    LOG[39m [38;5;3m[HttpAction] [39m[32m{"action":"http.request","requestId":"http_mqcf1jf4_ik5ymi","at":"2026-06-13T13:53:31.025Z","method":"GET","path":"/health","statusCode":200,"durationMs":1}[39m
[32m[Nest] 24136  - [39m06/13/2026, 9:00:33 PM [32m    LOG[39m [38;5;3m[HttpAction] [39m[32m{"action":"http.request","requestId":"http_mqcfal65_kszp1f","at":"2026-06-13T14:00:33.255Z","method":"GET","path":"/content/grammar","statusCode":200,"durationMs":58}[39m
[32m[Nest] 24136  - [39m06/13/2026, 9:00:34 PM [32m    LOG[39m [38;5;3m[HttpAction] [39m[32m{"action":"http.request","requestId":"http_mqcfamb7_nu8ko3","at":"2026-06-13T14:00:34.687Z","method":"GET","path":"/content/pronunciation","statusCode":200,"durationMs":12}[39m
[32m[Nest] 24136  - [39m06/13/2026, 9:00:34 PM [32m    LOG[39m [38;5;3m[HttpAction] [39m[32m{"action":"http.request","requestId":"http_mqcfambb_7lom10","at":"2026-06-13T14:00:34.740Z","method":"GET","path":"/content/articles","statusCode":200,"durationMs":61}[39m
[32m[Nest] 24136  - [39m06/13/2026, 9:00:34 PM [32m    LOG[39m [38;5;3m[HttpAction] [39m[32m{"action":"http.request","requestId":"http_mqcfambc_3rje83","at":"2026-06-13T14:00:34.763Z","method":"GET","path":"/content/videos","statusCode":200,"durationMs":83}[39m
[32m[Nest] 24136  - [39m06/13/2026, 9:00:37 PM [32m    LOG[39m [38;5;3m[HttpAction] [39m[32m{"action":"http.request","requestId":"http_mqcfame5_f41zbe","at":"2026-06-13T14:00:37.357Z","method":"GET","path":"/reading/news","statusCode":200,"durationMs":2576}[39m
[32m[Nest] 24136  - [39m06/13/2026, 9:05:56 PM [32m    LOG[39m [38;5;3m[HttpAction] [39m[32m{"action":"http.request","requestId":"http_mqcfhi98_rhstk4","at":"2026-06-13T14:05:56.012Z","method":"OPTIONS","path":"/admin/dashboard","statusCode":204,"durationMs":0}[39m
[32m[Nest] 24136  - [39m06/13/2026, 9:05:56 PM [32m    LOG[39m [38;5;3m[HttpAction] [39m[32m{"action":"http.request","requestId":"http_mqcfhi9a_1vlgxq","at":"2026-06-13T14:05:56.014Z","method":"OPTIONS","path":"/admin/content","statusCode":204,"durationMs":0}[39m
[32m[Nest] 24136  - [39m06/13/2026, 9:05:56 PM [32m    LOG[39m [38;5;3m[HttpAction] [39m[32m{"action":"http.request","requestId":"http_mqcfhi9c_7dn7hv","at":"2026-06-13T14:05:56.016Z","method":"OPTIONS","path":"/admin/users","statusCode":204,"durationMs":0}[39m
[32m[Nest] 24136  - [39m06/13/2026, 9:05:56 PM [32m    LOG[39m [38;5;3m[HttpAction] [39m[32m{"action":"http.request","requestId":"http_mqcfhi9d_627mzb","at":"2026-06-13T14:05:56.017Z","method":"OPTIONS","path":"/admin/audit-logs?limit=30","statusCode":204,"durationMs":0}[39m
[32m[Nest] 24136  - [39m06/13/2026, 9:05:56 PM [32m    LOG[39m [38;5;3m[HttpAction] [39m[32m{"action":"http.request","requestId":"http_mqcfhi9i_mxkki8","at":"2026-06-13T14:05:56.240Z","method":"GET","path":"/admin/users","statusCode":304,"durationMs":218}[39m
[32m[Nest] 24136  - [39m06/13/2026, 9:05:56 PM [32m    LOG[39m [38;5;3m[HttpAction] [39m[32m{"action":"http.request","requestId":"http_mqcfhi9j_5owi52","at":"2026-06-13T14:05:56.294Z","method":"GET","path":"/admin/audit-logs?limit=30","statusCode":304,"durationMs":271}[39m
[32m[Nest] 24136  - [39m06/13/2026, 9:05:56 PM [32m    LOG[39m [38;5;3m[HttpAction] [39m[32m{"action":"http.request","requestId":"http_mqcfhi9h_ood1s7","at":"2026-06-13T14:05:56.805Z","method":"GET","path":"/admin/content","statusCode":304,"durationMs":784}[39m
[32m[Nest] 24136  - [39m06/13/2026, 9:05:56 PM [32m    LOG[39m [38;5;3m[HttpAction] [39m[32m{"action":"http.request","requestId":"http_mqcfhi9f_pm2syj","at":"2026-06-13T14:05:56.807Z","method":"GET","path":"/admin/dashboard","statusCode":304,"durationMs":788}[39m
[32m[Nest] 24136  - [39m06/13/2026, 9:05:57 PM [32m    LOG[39m [38;5;3m[HttpAction] [39m[32m{"action":"http.request","requestId":"http_mqcfhj17_bfrag5","at":"2026-06-13T14:05:57.020Z","method":"GET","path":"/health","statusCode":200,"durationMs":1}[39m
