
> api@0.0.1 start:prod
> node --enable-source-maps dist/src/main

[32m[Nest] 15240  - [39m06/06/2026, 11:19:56 AM [32m    LOG[39m [38;5;3m[NestFactory] [39m[32mStarting Nest application...[39m
[32m[Nest] 15240  - [39m06/06/2026, 11:19:56 AM [32m    LOG[39m [38;5;3m[InstanceLoader] [39m[32mTypeOrmModule dependencies initialized[39m[38;5;3m +70ms[39m
[32m[Nest] 15240  - [39m06/06/2026, 11:19:56 AM [32m    LOG[39m [38;5;3m[InstanceLoader] [39m[32mConfigHostModule dependencies initialized[39m[38;5;3m +2ms[39m
[32m[Nest] 15240  - [39m06/06/2026, 11:19:56 AM [32m    LOG[39m [38;5;3m[InstanceLoader] [39m[32mConfigModule dependencies initialized[39m[38;5;3m +2ms[39m
query: SELECT version()
query: SELECT * FROM current_schema()
query: START TRANSACTION
query: SELECT * FROM current_schema()
query: SELECT * FROM current_database()
query: SELECT "table_schema", "table_name", obj_description(('"' || "table_schema" || '"."' || "table_name" || '"')::regclass, 'pg_class') AS table_comment FROM "information_schema"."tables" WHERE ("table_schema" = 'public' AND "table_name" = 'course_levels') OR ("table_schema" = 'public' AND "table_name" = 'grammar') OR ("table_schema" = 'public' AND "table_name" = 'quiz_questions') OR ("table_schema" = 'public' AND "table_name" = 'users') OR ("table_schema" = 'public' AND "table_name" = 'user_progress') OR ("table_schema" = 'public' AND "table_name" = 'lessons') OR ("table_schema" = 'public' AND "table_name" = 'vocabularies') OR ("table_schema" = 'public' AND "table_name" = 'articles') OR ("table_schema" = 'public' AND "table_name" = 'example_sentences')
query: SELECT TRUE FROM information_schema.columns WHERE table_name = 'pg_class' and column_name = 'relispartition'
query: SELECT columns.*, pg_catalog.col_description(('"' || table_catalog || '"."' || table_schema || '"."' || table_name || '"')::regclass::oid, ordinal_position) AS description, ('"' || "udt_schema" || '"."' || "udt_name" || '"')::"regtype"::text AS "regtype", pg_catalog.format_type("col_attr"."atttypid", "col_attr"."atttypmod") AS "format_type" FROM "information_schema"."columns" LEFT JOIN "pg_catalog"."pg_attribute" AS "col_attr" ON "col_attr"."attname" = "columns"."column_name" AND "col_attr"."attrelid" = ( SELECT "cls"."oid" FROM "pg_catalog"."pg_class" AS "cls" LEFT JOIN "pg_catalog"."pg_namespace" AS "ns" ON "ns"."oid" = "cls"."relnamespace" WHERE "cls"."relname" = "columns"."table_name" AND "ns"."nspname" = "columns"."table_schema" ) WHERE ("table_schema" = 'public' AND "table_name" = 'articles') OR ("table_schema" = 'public' AND "table_name" = 'users') OR ("table_schema" = 'public' AND "table_name" = 'lessons') OR ("table_schema" = 'public' AND "table_name" = 'quiz_questions') OR ("table_schema" = 'public' AND "table_name" = 'user_progress') OR ("table_schema" = 'public' AND "table_name" = 'course_levels') OR ("table_schema" = 'public' AND "table_name" = 'vocabularies') OR ("table_schema" = 'public' AND "table_name" = 'example_sentences') OR ("table_schema" = 'public' AND "table_name" = 'grammar')
query: SELECT "ns"."nspname" AS "table_schema", "t"."relname" AS "table_name", "cnst"."conname" AS "constraint_name", pg_get_constraintdef("cnst"."oid") AS "expression", CASE "cnst"."contype" WHEN 'p' THEN 'PRIMARY' WHEN 'u' THEN 'UNIQUE' WHEN 'c' THEN 'CHECK' WHEN 'x' THEN 'EXCLUDE' END AS "constraint_type", "a"."attname" AS "column_name" FROM "pg_constraint" "cnst" INNER JOIN "pg_class" "t" ON "t"."oid" = "cnst"."conrelid" INNER JOIN "pg_namespace" "ns" ON "ns"."oid" = "cnst"."connamespace" LEFT JOIN "pg_attribute" "a" ON "a"."attrelid" = "cnst"."conrelid" AND "a"."attnum" = ANY ("cnst"."conkey") WHERE "t"."relkind" IN ('r', 'p') AND (("ns"."nspname" = 'public' AND "t"."relname" = 'articles') OR ("ns"."nspname" = 'public' AND "t"."relname" = 'users') OR ("ns"."nspname" = 'public' AND "t"."relname" = 'lessons') OR ("ns"."nspname" = 'public' AND "t"."relname" = 'quiz_questions') OR ("ns"."nspname" = 'public' AND "t"."relname" = 'user_progress') OR ("ns"."nspname" = 'public' AND "t"."relname" = 'course_levels') OR ("ns"."nspname" = 'public' AND "t"."relname" = 'vocabularies') OR ("ns"."nspname" = 'public' AND "t"."relname" = 'example_sentences') OR ("ns"."nspname" = 'public' AND "t"."relname" = 'grammar'))
query: SELECT "ns"."nspname" AS "table_schema", "t"."relname" AS "table_name", "i"."relname" AS "constraint_name", "a"."attname" AS "column_name", CASE "ix"."indisunique" WHEN 't' THEN 'TRUE' ELSE'FALSE' END AS "is_unique", pg_get_expr("ix"."indpred", "ix"."indrelid") AS "condition", "types"."typname" AS "type_name", "am"."amname" AS "index_type" FROM "pg_class" "t" INNER JOIN "pg_index" "ix" ON "ix"."indrelid" = "t"."oid" INNER JOIN "pg_attribute" "a" ON "a"."attrelid" = "t"."oid"  AND "a"."attnum" = ANY ("ix"."indkey") INNER JOIN "pg_namespace" "ns" ON "ns"."oid" = "t"."relnamespace" INNER JOIN "pg_class" "i" ON "i"."oid" = "ix"."indexrelid" INNER JOIN "pg_type" "types" ON "types"."oid" = "a"."atttypid" INNER JOIN "pg_am" "am" ON "i"."relam" = "am"."oid" LEFT JOIN "pg_constraint" "cnst" ON "cnst"."conname" = "i"."relname" WHERE "t"."relkind" IN ('r', 'p') AND "cnst"."contype" IS NULL AND (("ns"."nspname" = 'public' AND "t"."relname" = 'articles') OR ("ns"."nspname" = 'public' AND "t"."relname" = 'users') OR ("ns"."nspname" = 'public' AND "t"."relname" = 'lessons') OR ("ns"."nspname" = 'public' AND "t"."relname" = 'quiz_questions') OR ("ns"."nspname" = 'public' AND "t"."relname" = 'user_progress') OR ("ns"."nspname" = 'public' AND "t"."relname" = 'course_levels') OR ("ns"."nspname" = 'public' AND "t"."relname" = 'vocabularies') OR ("ns"."nspname" = 'public' AND "t"."relname" = 'example_sentences') OR ("ns"."nspname" = 'public' AND "t"."relname" = 'grammar'))
query: SELECT "con"."conname" AS "constraint_name", "con"."nspname" AS "table_schema", "con"."relname" AS "table_name", "att2"."attname" AS "column_name", "ns"."nspname" AS "referenced_table_schema", "cl"."relname" AS "referenced_table_name", "att"."attname" AS "referenced_column_name", "con"."confdeltype" AS "on_delete", "con"."confupdtype" AS "on_update", "con"."condeferrable" AS "deferrable", "con"."condeferred" AS "deferred" FROM ( SELECT UNNEST ("con1"."conkey") AS "parent", UNNEST ("con1"."confkey") AS "child", "con1"."confrelid", "con1"."conrelid", "con1"."conname", "con1"."contype", "ns"."nspname", "cl"."relname", "con1"."condeferrable", CASE WHEN "con1"."condeferred" THEN 'INITIALLY DEFERRED' ELSE 'INITIALLY IMMEDIATE' END as condeferred, CASE "con1"."confdeltype" WHEN 'a' THEN 'NO ACTION' WHEN 'r' THEN 'RESTRICT' WHEN 'c' THEN 'CASCADE' WHEN 'n' THEN 'SET NULL' WHEN 'd' THEN 'SET DEFAULT' END as "confdeltype", CASE "con1"."confupdtype" WHEN 'a' THEN 'NO ACTION' WHEN 'r' THEN 'RESTRICT' WHEN 'c' THEN 'CASCADE' WHEN 'n' THEN 'SET NULL' WHEN 'd' THEN 'SET DEFAULT' END as "confupdtype" FROM "pg_class" "cl" INNER JOIN "pg_namespace" "ns" ON "cl"."relnamespace" = "ns"."oid" INNER JOIN "pg_constraint" "con1" ON "con1"."conrelid" = "cl"."oid" WHERE "con1"."contype" = 'f' AND (("ns"."nspname" = 'public' AND "cl"."relname" = 'articles') OR ("ns"."nspname" = 'public' AND "cl"."relname" = 'users') OR ("ns"."nspname" = 'public' AND "cl"."relname" = 'lessons') OR ("ns"."nspname" = 'public' AND "cl"."relname" = 'quiz_questions') OR ("ns"."nspname" = 'public' AND "cl"."relname" = 'user_progress') OR ("ns"."nspname" = 'public' AND "cl"."relname" = 'course_levels') OR ("ns"."nspname" = 'public' AND "cl"."relname" = 'vocabularies') OR ("ns"."nspname" = 'public' AND "cl"."relname" = 'example_sentences') OR ("ns"."nspname" = 'public' AND "cl"."relname" = 'grammar')) ) "con" INNER JOIN "pg_attribute" "att" ON "att"."attrelid" = "con"."confrelid" AND "att"."attnum" = "con"."child" INNER JOIN "pg_class" "cl" ON "cl"."oid" = "con"."confrelid"  AND "cl"."relispartition" = 'f'INNER JOIN "pg_namespace" "ns" ON "cl"."relnamespace" = "ns"."oid" INNER JOIN "pg_attribute" "att2" ON "att2"."attrelid" = "con"."conrelid" AND "att2"."attnum" = "con"."parent"
query: SELECT * FROM "information_schema"."tables" WHERE "table_schema" = 'public' AND "table_name" = 'typeorm_metadata'
query: COMMIT
[32m[Nest] 15240  - [39m06/06/2026, 11:19:56 AM [32m    LOG[39m [38;5;3m[InstanceLoader] [39m[32mTypeOrmCoreModule dependencies initialized[39m[38;5;3m +164ms[39m
[32m[Nest] 15240  - [39m06/06/2026, 11:19:56 AM [32m    LOG[39m [38;5;3m[InstanceLoader] [39m[32mTypeOrmModule dependencies initialized[39m[38;5;3m +0ms[39m
[32m[Nest] 15240  - [39m06/06/2026, 11:19:56 AM [32m    LOG[39m [38;5;3m[InstanceLoader] [39m[32mTypeOrmModule dependencies initialized[39m[38;5;3m +0ms[39m
[32m[Nest] 15240  - [39m06/06/2026, 11:19:56 AM [32m    LOG[39m [38;5;3m[InstanceLoader] [39m[32mDictionaryModule dependencies initialized[39m[38;5;3m +1ms[39m
[32m[Nest] 15240  - [39m06/06/2026, 11:19:56 AM [32m    LOG[39m [38;5;3m[InstanceLoader] [39m[32mAppModule dependencies initialized[39m[38;5;3m +1ms[39m
[32m[Nest] 15240  - [39m06/06/2026, 11:19:56 AM [32m    LOG[39m [38;5;3m[RoutesResolver] [39m[32mAppController {/}:[39m[38;5;3m +4ms[39m
[32m[Nest] 15240  - [39m06/06/2026, 11:19:56 AM [32m    LOG[39m [38;5;3m[RouterExplorer] [39m[32mMapped {/, GET} route[39m[38;5;3m +3ms[39m
[32m[Nest] 15240  - [39m06/06/2026, 11:19:56 AM [32m    LOG[39m [38;5;3m[RouterExplorer] [39m[32mMapped {/health, GET} route[39m[38;5;3m +1ms[39m
[32m[Nest] 15240  - [39m06/06/2026, 11:19:56 AM [32m    LOG[39m [38;5;3m[RouterExplorer] [39m[32mMapped {/profile, GET} route[39m[38;5;3m +1ms[39m
[32m[Nest] 15240  - [39m06/06/2026, 11:19:56 AM [32m    LOG[39m [38;5;3m[RouterExplorer] [39m[32mMapped {/profile/goal, POST} route[39m[38;5;3m +1ms[39m
[32m[Nest] 15240  - [39m06/06/2026, 11:19:56 AM [32m    LOG[39m [38;5;3m[RouterExplorer] [39m[32mMapped {/ai/chat, POST} route[39m[38;5;3m +0ms[39m
[32m[Nest] 15240  - [39m06/06/2026, 11:19:56 AM [32m    LOG[39m [38;5;3m[RouterExplorer] [39m[32mMapped {/flashcard/image-suggestion, GET} route[39m[38;5;3m +1ms[39m
[32m[Nest] 15240  - [39m06/06/2026, 11:19:56 AM [32m    LOG[39m [38;5;3m[RoutesResolver] [39m[32mGrammarController {/grammar}:[39m[38;5;3m +0ms[39m
[32m[Nest] 15240  - [39m06/06/2026, 11:19:56 AM [32m    LOG[39m [38;5;3m[RouterExplorer] [39m[32mMapped {/grammar, GET} route[39m[38;5;3m +0ms[39m
[32m[Nest] 15240  - [39m06/06/2026, 11:19:56 AM [32m    LOG[39m [38;5;3m[RouterExplorer] [39m[32mMapped {/grammar/level/:level, GET} route[39m[38;5;3m +2ms[39m
[32m[Nest] 15240  - [39m06/06/2026, 11:19:56 AM [32m    LOG[39m [38;5;3m[RoutesResolver] [39m[32mGrammarCheckController {/grammar}:[39m[38;5;3m +0ms[39m
[32m[Nest] 15240  - [39m06/06/2026, 11:19:56 AM [32m    LOG[39m [38;5;3m[RouterExplorer] [39m[32mMapped {/grammar/check, POST} route[39m[38;5;3m +1ms[39m
[32m[Nest] 15240  - [39m06/06/2026, 11:19:56 AM [32m    LOG[39m [38;5;3m[RoutesResolver] [39m[32mReadingController {/reading}:[39m[38;5;3m +0ms[39m
[32m[Nest] 15240  - [39m06/06/2026, 11:19:56 AM [32m    LOG[39m [38;5;3m[RouterExplorer] [39m[32mMapped {/reading/sources, GET} route[39m[38;5;3m +1ms[39m
[32m[Nest] 15240  - [39m06/06/2026, 11:19:56 AM [32m    LOG[39m [38;5;3m[RouterExplorer] [39m[32mMapped {/reading/news, GET} route[39m[38;5;3m +1ms[39m
[32m[Nest] 15240  - [39m06/06/2026, 11:19:56 AM [32m    LOG[39m [38;5;3m[RoutesResolver] [39m[32mAuthController {/}:[39m[38;5;3m +0ms[39m
[32m[Nest] 15240  - [39m06/06/2026, 11:19:56 AM [32m    LOG[39m [38;5;3m[RouterExplorer] [39m[32mMapped {/auth/register, POST} route[39m[38;5;3m +0ms[39m
[32m[Nest] 15240  - [39m06/06/2026, 11:19:56 AM [32m    LOG[39m [38;5;3m[RouterExplorer] [39m[32mMapped {/auth/login, POST} route[39m[38;5;3m +1ms[39m
[32m[Nest] 15240  - [39m06/06/2026, 11:19:56 AM [32m    LOG[39m [38;5;3m[RouterExplorer] [39m[32mMapped {/auth/me, GET} route[39m[38;5;3m +0ms[39m
[32m[Nest] 15240  - [39m06/06/2026, 11:19:56 AM [32m    LOG[39m [38;5;3m[RouterExplorer] [39m[32mMapped {/admin/users/stats, GET} route[39m[38;5;3m +0ms[39m
[32m[Nest] 15240  - [39m06/06/2026, 11:19:56 AM [32m    LOG[39m [38;5;3m[RouterExplorer] [39m[32mMapped {/admin/users, GET} route[39m[38;5;3m +1ms[39m
[32m[Nest] 15240  - [39m06/06/2026, 11:19:56 AM [32m    LOG[39m [38;5;3m[RouterExplorer] [39m[32mMapped {/admin/users, POST} route[39m[38;5;3m +0ms[39m
[32m[Nest] 15240  - [39m06/06/2026, 11:19:56 AM [32m    LOG[39m [38;5;3m[RouterExplorer] [39m[32mMapped {/admin/users/:id, PATCH} route[39m[38;5;3m +1ms[39m
[32m[Nest] 15240  - [39m06/06/2026, 11:19:56 AM [32m    LOG[39m [38;5;3m[RouterExplorer] [39m[32mMapped {/admin/users/:id/status, PATCH} route[39m[38;5;3m +0ms[39m
[32m[Nest] 15240  - [39m06/06/2026, 11:19:56 AM [32m    LOG[39m [38;5;3m[RoutesResolver] [39m[32mContentController {/}:[39m[38;5;3m +0ms[39m
[32m[Nest] 15240  - [39m06/06/2026, 11:19:56 AM [32m    LOG[39m [38;5;3m[RouterExplorer] [39m[32mMapped {/content/catalog, GET} route[39m[38;5;3m +1ms[39m
[32m[Nest] 15240  - [39m06/06/2026, 11:19:56 AM [32m    LOG[39m [38;5;3m[RouterExplorer] [39m[32mMapped {/content/flashcards, GET} route[39m[38;5;3m +0ms[39m
[32m[Nest] 15240  - [39m06/06/2026, 11:19:56 AM [32m    LOG[39m [38;5;3m[RouterExplorer] [39m[32mMapped {/content/videos, GET} route[39m[38;5;3m +0ms[39m
[32m[Nest] 15240  - [39m06/06/2026, 11:19:56 AM [32m    LOG[39m [38;5;3m[RouterExplorer] [39m[32mMapped {/content/games, GET} route[39m[38;5;3m +1ms[39m
[32m[Nest] 15240  - [39m06/06/2026, 11:19:56 AM [32m    LOG[39m [38;5;3m[RouterExplorer] [39m[32mMapped {/admin/content, GET} route[39m[38;5;3m +0ms[39m
[32m[Nest] 15240  - [39m06/06/2026, 11:19:56 AM [32m    LOG[39m [38;5;3m[RouterExplorer] [39m[32mMapped {/admin/content, PUT} route[39m[38;5;3m +1ms[39m
[32m[Nest] 15240  - [39m06/06/2026, 11:19:56 AM [32m    LOG[39m [38;5;3m[RoutesResolver] [39m[32mDictionaryController {/dictionary}:[39m[38;5;3m +1ms[39m
[32m[Nest] 15240  - [39m06/06/2026, 11:19:56 AM [32m    LOG[39m [38;5;3m[RouterExplorer] [39m[32mMapped {/dictionary/search, GET} route[39m[38;5;3m +0ms[39m
[32m[Nest] 15240  - [39m06/06/2026, 11:19:56 AM [32m    LOG[39m [38;5;3m[RouterExplorer] [39m[32mMapped {/dictionary/autocomplete, GET} route[39m[38;5;3m +1ms[39m
[32m[Nest] 15240  - [39m06/06/2026, 11:19:56 AM [32m    LOG[39m [38;5;3m[RouterExplorer] [39m[32mMapped {/dictionary/detail/:word, GET} route[39m[38;5;3m +1ms[39m
[32m[Nest] 15240  - [39m06/06/2026, 11:19:56 AM [32m    LOG[39m [38;5;3m[RouterExplorer] [39m[32mMapped {/dictionary/cache, POST} route[39m[38;5;3m +0ms[39m
[32m[Nest] 15240  - [39m06/06/2026, 11:19:56 AM [32m    LOG[39m [38;5;3m[RouterExplorer] [39m[32mMapped {/dictionary/examples, GET} route[39m[38;5;3m +0ms[39m
[32m[Nest] 15240  - [39m06/06/2026, 11:19:56 AM [32m    LOG[39m [38;5;3m[RouterExplorer] [39m[32mMapped {/dictionary/translate, GET} route[39m[38;5;3m +1ms[39m
[32m[Nest] 15240  - [39m06/06/2026, 11:19:56 AM [32m    LOG[39m [38;5;3m[RouterExplorer] [39m[32mMapped {/dictionary/examples-curated, GET} route[39m[38;5;3m +0ms[39m
[32m[Nest] 15240  - [39m06/06/2026, 11:19:56 AM [32m    LOG[39m [38;5;3m[RouterExplorer] [39m[32mMapped {/dictionary/examples-local, GET} route[39m[38;5;3m +0ms[39m
query: SELECT "User"."id" AS "User_id", "User"."email" AS "User_email", "User"."passwordHash" AS "User_passwordHash", "User"."displayName" AS "User_displayName", "User"."avatarUrl" AS "User_avatarUrl", "User"."role" AS "User_role", "User"."status" AS "User_status", "User"."targetLevel" AS "User_targetLevel", "User"."last_login_at" AS "User_last_login_at", "User"."created_at" AS "User_created_at", "User"."updated_at" AS "User_updated_at" FROM "users" "User" WHERE (("User"."email" = $1)) LIMIT 1 -- PARAMETERS: ["admin@vnchinese.local"]
query: SELECT "User"."id" AS "User_id", "User"."email" AS "User_email", "User"."passwordHash" AS "User_passwordHash", "User"."displayName" AS "User_displayName", "User"."avatarUrl" AS "User_avatarUrl", "User"."role" AS "User_role", "User"."status" AS "User_status", "User"."targetLevel" AS "User_targetLevel", "User"."last_login_at" AS "User_last_login_at", "User"."created_at" AS "User_created_at", "User"."updated_at" AS "User_updated_at" FROM "users" "User" WHERE "User"."id" IN ($1) -- PARAMETERS: [3]
[32m[Nest] 15240  - [39m06/06/2026, 11:19:56 AM [32m    LOG[39m [38;5;3m[NestApplication] [39m[32mNest application successfully started[39m[38;5;3m +22ms[39m
query: SELECT "User"."id" AS "User_id", "User"."email" AS "User_email", "User"."passwordHash" AS "User_passwordHash", "User"."displayName" AS "User_displayName", "User"."avatarUrl" AS "User_avatarUrl", "User"."role" AS "User_role", "User"."status" AS "User_status", "User"."targetLevel" AS "User_targetLevel", "User"."last_login_at" AS "User_last_login_at", "User"."created_at" AS "User_created_at", "User"."updated_at" AS "User_updated_at" FROM "users" "User" WHERE (("User"."email" = $1)) LIMIT 1 -- PARAMETERS: ["admin@vnchinese.local"]
query: SELECT "User"."id" AS "User_id", "User"."email" AS "User_email", "User"."passwordHash" AS "User_passwordHash", "User"."displayName" AS "User_displayName", "User"."avatarUrl" AS "User_avatarUrl", "User"."role" AS "User_role", "User"."status" AS "User_status", "User"."targetLevel" AS "User_targetLevel", "User"."last_login_at" AS "User_last_login_at", "User"."created_at" AS "User_created_at", "User"."updated_at" AS "User_updated_at" FROM "users" "User" WHERE "User"."id" IN ($1) -- PARAMETERS: [3]
query: START TRANSACTION
query: UPDATE "users" SET "last_login_at" = $1, "updated_at" = CURRENT_TIMESTAMP WHERE "id" IN ($2) RETURNING "updated_at" -- PARAMETERS: ["2026-06-06T04:20:22.278Z",3]
query: COMMIT
query: SELECT "User"."id" AS "User_id", "User"."email" AS "User_email", "User"."passwordHash" AS "User_passwordHash", "User"."displayName" AS "User_displayName", "User"."avatarUrl" AS "User_avatarUrl", "User"."role" AS "User_role", "User"."status" AS "User_status", "User"."targetLevel" AS "User_targetLevel", "User"."last_login_at" AS "User_last_login_at", "User"."created_at" AS "User_created_at", "User"."updated_at" AS "User_updated_at" FROM "users" "User" WHERE (("User"."id" = $1)) LIMIT 1 -- PARAMETERS: [3]
