Resolving dependencies...
Downloading packages...
  async 2.13.0 (2.13.1 available)
  characters 1.4.0 (1.4.1 available)
  cupertino_icons 1.0.8 (1.0.9 available)
  ffi 2.1.5 (2.2.0 available)
  json_annotation 4.11.0 (4.12.0 available)
  matcher 0.12.17 (0.12.20 available)
  material_color_utilities 0.11.1 (0.13.0 available)
  meta 1.17.0 (1.18.3 available)
  permission_handler 11.4.0 (12.0.3 available)
  permission_handler_android 12.1.0 (13.0.1 available)
  permission_handler_apple 9.4.7 (9.4.10 available)
  shared_preferences 2.5.4 (2.5.5 available)
  shared_preferences_android 2.4.20 (2.4.26 available)
  shared_preferences_platform_interface 2.4.1 (2.4.2 available)
  speech_to_text 7.3.0 (7.4.0 available)
  speech_to_text_platform_interface 2.3.0 (2.4.0 available)
  speech_to_text_windows 1.0.0+beta.8 (1.0.1 available)
  test_api 0.7.7 (0.7.12 available)
  url_launcher_android 6.3.30 (6.3.32 available)
  vector_math 2.2.0 (2.4.0 available)
  vm_service 15.0.2 (15.2.0 available)
  webview_flutter 4.13.1 (4.14.0 available)
  webview_flutter_android 4.12.0 (4.13.0 available)
  webview_flutter_wkwebview 3.25.1 (3.26.0 available)
Got dependencies!
24 packages have newer versions incompatible with dependency constraints.
Try `flutter pub outdated` for more information.
Launching lib\main.dart on Web Server in debug mode...
Waiting for connection from debug service on Web Server...         21.0s
lib\main.dart is being served at http://0.0.0.0:49703
The web-server device requires the Dart Debug Chrome extension for debugging. Consider using the Chrome or Edge devices for an improved development workflow.

Flutter run key commands.
r Hot reload. 
R Hot restart.
h List all available interactive commands.
d Detach (terminate "flutter run" but leave application running).
c Clear the screen
q Quit (terminate the application on the device).

Debug service listening on ws://127.0.0.1:44456/quDhm4gxW8k=
A Dart VM Service on Web Server is available at: http://127.0.0.1:44456/quDhm4gxW8k=
